
> app@0.1.0 build D:\Project\beresio\apps\app
> next build

   ▲ Next.js 15.5.12
   - Environments: .env
   - Experiments (use with caution):
     · optimizePackageImports

   Creating an optimized production build ...
Failed to compile.

./app/globals.css
Module not found: Can't resolve '../../packages/ui/src/index.css'

https://nextjs.org/docs/messages/module-not-found

Import trace for requested module:
./app/globals.css

./app/globals.css
Error: Can't resolve '../../packages/ui/src/index.css'
    at finishWithoutResolve (D:\Project\beresio\node_modules\.pnpm\next@15.5.12_@babel+core@7.29.0_babel-plugin-react-compiler@1.0.0_react-dom@19.2.4_react@19.2.4__react@19.2.4\node_modules\next\dist\compiled\webpack\bundle5.js:1:191837)
    at D:\Project\beresio\node_modules\.pnpm\next@15.5.12_@babel+core@7.29.0_babel-plugin-react-compiler@1.0.0_react-dom@19.2.4_react@19.2.4__react@19.2.4\node_modules\next\dist\compiled\webpack\bundle5.js:1:192737
    at D:\Project\beresio\node_modules\.pnpm\next@15.5.12_@babel+core@7.29.0_babel-plugin-react-compiler@1.0.0_react-dom@19.2.4_react@19.2.4__react@19.2.4\node_modules\next\dist\compiled\webpack\bundle5.js:1:193370
    at eval (eval at create (D:\Project\beresio\node_modules\.pnpm\next@15.5.12_@babel+core@7.29.0_babel-plugin-react-compiler@1.0.0_react-dom@19.2.4_react@19.2.4__react@19.2.4\node_modules\next\dist\compiled\webpack\bundle5.js:14:9224), <anonymous>:16:1)
    at D:\Project\beresio\node_modules\.pnpm\next@15.5.12_@babel+core@7.29.0_babel-plugin-react-compiler@1.0.0_react-dom@19.2.4_react@19.2.4__react@19.2.4\node_modules\next\dist\compiled\webpack\bundle5.js:1:193370
    at eval (eval at create (D:\Project\beresio\node_modules\.pnpm\next@15.5.12_@babel+core@7.29.0_babel-plugin-react-compiler@1.0.0_react-dom@19.2.4_react@19.2.4__react@19.2.4\node_modules\next\dist\compiled\webpack\bundle5.js:14:9224), <anonymous>:27:1)
    at D:\Project\beresio\node_modules\.pnpm\next@15.5.12_@babel+core@7.29.0_babel-plugin-react-compiler@1.0.0_react-dom@19.2.4_react@19.2.4__react@19.2.4\node_modules\next\dist\compiled\webpack\bundle5.js:1:175252
    at D:\Project\beresio\node_modules\.pnpm\next@15.5.12_@babel+core@7.29.0_babel-plugin-react-compiler@1.0.0_react-dom@19.2.4_react@19.2.4__react@19.2.4\node_modules\next\dist\compiled\webpack\bundle5.js:1:193370
    at eval (eval at create (D:\Project\beresio\node_modules\.pnpm\next@15.5.12_@babel+core@7.29.0_babel-plugin-react-compiler@1.0.0_react-dom@19.2.4_react@19.2.4__react@19.2.4\node_modules\next\dist\compiled\webpack\bundle5.js:14:9224), <anonymous>:16:1)
    at D:\Project\beresio\node_modules\.pnpm\next@15.5.12_@babel+core@7.29.0_babel-plugin-react-compiler@1.0.0_react-dom@19.2.4_react@19.2.4__react@19.2.4\node_modules\next\dist\compiled\webpack\bundle5.js:1:208998

https://nextjs.org/docs/messages/module-not-found


> Build failed because of webpack errors
 ELIFECYCLE  Command failed with exit code 1.
